[0.086s] DEBUG:colcon:Command line arguments: ['/usr/bin/colcon', 'build']
[0.086s] DEBUG:colcon:Parsed command line arguments: Namespace(log_base=None, log_level=None, verb_name='build', build_base='build', install_base='install', merge_install=False, symlink_install=False, test_result_base=None, continue_on_error=False, executor='parallel', parallel_workers=16, event_handlers=None, ignore_user_meta=False, metas=['./colcon.meta'], base_paths=['.'], packages_ignore=None, packages_ignore_regex=None, paths=None, packages_up_to=None, packages_up_to_regex=None, packages_above=None, packages_above_and_dependencies=None, packages_above_depth=None, packages_select_by_dep=None, packages_skip_by_dep=None, packages_skip_up_to=None, packages_select_build_failed=False, packages_skip_build_finished=False, packages_select_test_failures=False, packages_skip_test_passed=False, packages_select=None, packages_skip=None, packages_select_regex=None, packages_skip_regex=None, packages_start=None, packages_end=None, allow_overriding=[], cmake_args=None, cmake_target=None, cmake_target_skip_unavailable=False, cmake_clean_cache=False, cmake_clean_first=False, cmake_force_configure=False, ament_cmake_args=None, catkin_cmake_args=None, catkin_skip_building_tests=False, mixin_files=None, mixin=None, verb_parser=<colcon_mixin.mixin.mixin_argument.MixinArgumentDecorator object at 0x76e8caa4ab00>, verb_extension=<colcon_core.verb.build.BuildVerb object at 0x76e8cab43a90>, main=<bound method BuildVerb.main of <colcon_core.verb.build.BuildVerb object at 0x76e8cab43a90>>, mixin_verb=('build',))
[0.127s] Level 1:colcon.colcon_core.package_discovery:discover_packages(colcon_meta) check parameters
[0.127s] Level 1:colcon.colcon_core.package_discovery:discover_packages(recursive) check parameters
[0.127s] Level 1:colcon.colcon_core.package_discovery:discover_packages(ignore) check parameters
[0.127s] Level 1:colcon.colcon_core.package_discovery:discover_packages(path) check parameters
[0.127s] Level 1:colcon.colcon_core.package_discovery:discover_packages(colcon_meta) discover
[0.127s] Level 1:colcon.colcon_core.package_discovery:discover_packages(recursive) discover
[0.127s] INFO:colcon.colcon_core.package_discovery:Crawling recursively for packages in '/home/superpavan/Restaurant_Robot_ROS2-main'
[0.127s] Level 1:colcon.colcon_core.package_identification:_identify(.) by extensions ['ignore', 'ignore_ament_install']
[0.127s] Level 1:colcon.colcon_core.package_identification:_identify(.) by extension 'ignore'
[0.127s] Level 1:colcon.colcon_core.package_identification:_identify(.) by extension 'ignore_ament_install'
[0.127s] Level 1:colcon.colcon_core.package_identification:_identify(.) by extensions ['colcon_pkg']
[0.127s] Level 1:colcon.colcon_core.package_identification:_identify(.) by extension 'colcon_pkg'
[0.127s] Level 1:colcon.colcon_core.package_identification:_identify(.) by extensions ['colcon_meta']
[0.127s] Level 1:colcon.colcon_core.package_identification:_identify(.) by extension 'colcon_meta'
[0.127s] Level 1:colcon.colcon_core.package_identification:_identify(.) by extensions ['ros']
[0.127s] Level 1:colcon.colcon_core.package_identification:_identify(.) by extension 'ros'
[0.130s] Level 1:colcon.colcon_core.package_identification:_identify(.) by extensions ['cmake', 'python']
[0.130s] Level 1:colcon.colcon_core.package_identification:_identify(.) by extension 'cmake'
[0.130s] Level 1:colcon.colcon_core.package_identification:_identify(.) by extension 'python'
[0.130s] Level 1:colcon.colcon_core.package_identification:_identify(.) by extensions ['python_setup_py']
[0.130s] Level 1:colcon.colcon_core.package_identification:_identify(.) by extension 'python_setup_py'
[0.130s] Level 1:colcon.colcon_core.package_identification:_identify(build) by extensions ['ignore', 'ignore_ament_install']
[0.130s] Level 1:colcon.colcon_core.package_identification:_identify(build) by extension 'ignore'
[0.130s] Level 1:colcon.colcon_core.package_identification:_identify(build) ignored
[0.130s] Level 1:colcon.colcon_core.package_identification:_identify(install) by extensions ['ignore', 'ignore_ament_install']
[0.130s] Level 1:colcon.colcon_core.package_identification:_identify(install) by extension 'ignore'
[0.130s] Level 1:colcon.colcon_core.package_identification:_identify(install) ignored
[0.131s] Level 1:colcon.colcon_core.package_identification:_identify(log) by extensions ['ignore', 'ignore_ament_install']
[0.131s] Level 1:colcon.colcon_core.package_identification:_identify(log) by extension 'ignore'
[0.131s] Level 1:colcon.colcon_core.package_identification:_identify(log) ignored
[0.131s] Level 1:colcon.colcon_core.package_identification:_identify(turtlebot3_custom) by extensions ['ignore', 'ignore_ament_install']
[0.131s] Level 1:colcon.colcon_core.package_identification:_identify(turtlebot3_custom) by extension 'ignore'
[0.131s] Level 1:colcon.colcon_core.package_identification:_identify(turtlebot3_custom) by extension 'ignore_ament_install'
[0.131s] Level 1:colcon.colcon_core.package_identification:_identify(turtlebot3_custom) by extensions ['colcon_pkg']
[0.131s] Level 1:colcon.colcon_core.package_identification:_identify(turtlebot3_custom) by extension 'colcon_pkg'
[0.131s] Level 1:colcon.colcon_core.package_identification:_identify(turtlebot3_custom) by extensions ['colcon_meta']
[0.131s] Level 1:colcon.colcon_core.package_identification:_identify(turtlebot3_custom) by extension 'colcon_meta'
[0.131s] Level 1:colcon.colcon_core.package_identification:_identify(turtlebot3_custom) by extensions ['ros']
[0.131s] Level 1:colcon.colcon_core.package_identification:_identify(turtlebot3_custom) by extension 'ros'
[0.133s] DEBUG:colcon.colcon_core.package_identification:Package 'turtlebot3_custom' with type 'ros.ament_cmake' and name 'turtlebot3_custom'
[0.133s] Level 1:colcon.colcon_core.package_discovery:discover_packages(recursive) using defaults
[0.133s] Level 1:colcon.colcon_core.package_discovery:discover_packages(ignore) discover
[0.133s] Level 1:colcon.colcon_core.package_discovery:discover_packages(ignore) using defaults
[0.133s] Level 1:colcon.colcon_core.package_discovery:discover_packages(path) discover
[0.133s] Level 1:colcon.colcon_core.package_discovery:discover_packages(path) using defaults
[0.149s] Level 1:colcon.colcon_core.package_discovery:discover_packages(prefix_path) check parameters
[0.149s] Level 1:colcon.colcon_core.package_discovery:discover_packages(prefix_path) discover
[0.151s] DEBUG:colcon.colcon_installed_package_information.package_discovery:Found 387 installed packages in /opt/ros/humble
[0.152s] Level 1:colcon.colcon_core.package_discovery:discover_packages(prefix_path) using defaults
[0.189s] Level 5:colcon.colcon_core.verb:set package 'turtlebot3_custom' build argument 'cmake_args' from command line to 'None'
[0.189s] Level 5:colcon.colcon_core.verb:set package 'turtlebot3_custom' build argument 'cmake_target' from command line to 'None'
[0.189s] Level 5:colcon.colcon_core.verb:set package 'turtlebot3_custom' build argument 'cmake_target_skip_unavailable' from command line to 'False'
[0.189s] Level 5:colcon.colcon_core.verb:set package 'turtlebot3_custom' build argument 'cmake_clean_cache' from command line to 'False'
[0.189s] Level 5:colcon.colcon_core.verb:set package 'turtlebot3_custom' build argument 'cmake_clean_first' from command line to 'False'
[0.189s] Level 5:colcon.colcon_core.verb:set package 'turtlebot3_custom' build argument 'cmake_force_configure' from command line to 'False'
[0.189s] Level 5:colcon.colcon_core.verb:set package 'turtlebot3_custom' build argument 'ament_cmake_args' from command line to 'None'
[0.189s] Level 5:colcon.colcon_core.verb:set package 'turtlebot3_custom' build argument 'catkin_cmake_args' from command line to 'None'
[0.189s] Level 5:colcon.colcon_core.verb:set package 'turtlebot3_custom' build argument 'catkin_skip_building_tests' from command line to 'False'
[0.189s] DEBUG:colcon.colcon_core.verb:Building package 'turtlebot3_custom' with the following arguments: {'ament_cmake_args': None, 'build_base': '/home/superpavan/Restaurant_Robot_ROS2-main/build/turtlebot3_custom', 'catkin_cmake_args': None, 'catkin_skip_building_tests': False, 'cmake_args': None, 'cmake_clean_cache': False, 'cmake_clean_first': False, 'cmake_force_configure': False, 'cmake_target': None, 'cmake_target_skip_unavailable': False, 'install_base': '/home/superpavan/Restaurant_Robot_ROS2-main/install/turtlebot3_custom', 'merge_install': False, 'path': '/home/superpavan/Restaurant_Robot_ROS2-main/turtlebot3_custom', 'symlink_install': False, 'test_result_base': None}
[0.189s] INFO:colcon.colcon_core.executor:Executing jobs using 'parallel' executor
[0.190s] DEBUG:colcon.colcon_parallel_executor.executor.parallel:run_until_complete
[0.190s] INFO:colcon.colcon_ros.task.ament_cmake.build:Building ROS package in '/home/superpavan/Restaurant_Robot_ROS2-main/turtlebot3_custom' with build type 'ament_cmake'
[0.190s] INFO:colcon.colcon_cmake.task.cmake.build:Building CMake package in '/home/superpavan/Restaurant_Robot_ROS2-main/turtlebot3_custom'
[0.192s] INFO:colcon.colcon_core.plugin_system:Skipping extension 'colcon_core.shell.bat': Not used on non-Windows systems
[0.192s] INFO:colcon.colcon_core.shell:Skip shell extension 'powershell' for command environment: Not usable outside of PowerShell
[0.192s] DEBUG:colcon.colcon_core.shell:Skip shell extension 'dsv' for command environment
[0.201s] DEBUG:colcon.colcon_core.event_handler.log_command:Invoking command in '/home/superpavan/Restaurant_Robot_ROS2-main/build/turtlebot3_custom': CMAKE_PREFIX_PATH=/opt/ros/humble /usr/bin/cmake /home/superpavan/Restaurant_Robot_ROS2-main/turtlebot3_custom -DCMAKE_INSTALL_PREFIX=/home/superpavan/Restaurant_Robot_ROS2-main/install/turtlebot3_custom
[2.892s] DEBUG:colcon.colcon_core.event_handler.log_command:Invoked command in '/home/superpavan/Restaurant_Robot_ROS2-main/build/turtlebot3_custom' returned '0': CMAKE_PREFIX_PATH=/opt/ros/humble /usr/bin/cmake /home/superpavan/Restaurant_Robot_ROS2-main/turtlebot3_custom -DCMAKE_INSTALL_PREFIX=/home/superpavan/Restaurant_Robot_ROS2-main/install/turtlebot3_custom
[2.895s] DEBUG:colcon.colcon_core.event_handler.log_command:Invoking command in '/home/superpavan/Restaurant_Robot_ROS2-main/build/turtlebot3_custom': CMAKE_PREFIX_PATH=/opt/ros/humble /usr/bin/cmake --build /home/superpavan/Restaurant_Robot_ROS2-main/build/turtlebot3_custom -- -j16 -l16
[2.937s] DEBUG:colcon.colcon_core.event_handler.log_command:Invoked command in '/home/superpavan/Restaurant_Robot_ROS2-main/build/turtlebot3_custom' returned '0': CMAKE_PREFIX_PATH=/opt/ros/humble /usr/bin/cmake --build /home/superpavan/Restaurant_Robot_ROS2-main/build/turtlebot3_custom -- -j16 -l16
[2.950s] DEBUG:colcon.colcon_core.event_handler.log_command:Invoking command in '/home/superpavan/Restaurant_Robot_ROS2-main/build/turtlebot3_custom': CMAKE_PREFIX_PATH=/opt/ros/humble /usr/bin/cmake --install /home/superpavan/Restaurant_Robot_ROS2-main/build/turtlebot3_custom
[2.962s] Level 1:colcon.colcon_core.environment:create_environment_scripts_only(turtlebot3_custom)
[2.963s] DEBUG:colcon.colcon_core.event_handler.log_command:Invoked command in '/home/superpavan/Restaurant_Robot_ROS2-main/build/turtlebot3_custom' returned '0': CMAKE_PREFIX_PATH=/opt/ros/humble /usr/bin/cmake --install /home/superpavan/Restaurant_Robot_ROS2-main/build/turtlebot3_custom
[2.965s] Level 1:colcon.colcon_core.environment:checking '/home/superpavan/Restaurant_Robot_ROS2-main/install/turtlebot3_custom' for CMake module files
[2.965s] Level 1:colcon.colcon_core.environment:checking '/home/superpavan/Restaurant_Robot_ROS2-main/install/turtlebot3_custom' for CMake config files
[2.966s] Level 1:colcon.colcon_core.shell:create_environment_hook('turtlebot3_custom', 'cmake_prefix_path')
[2.966s] INFO:colcon.colcon_core.shell:Creating environment hook '/home/superpavan/Restaurant_Robot_ROS2-main/install/turtlebot3_custom/share/turtlebot3_custom/hook/cmake_prefix_path.ps1'
[2.966s] INFO:colcon.colcon_core.shell:Creating environment descriptor '/home/superpavan/Restaurant_Robot_ROS2-main/install/turtlebot3_custom/share/turtlebot3_custom/hook/cmake_prefix_path.dsv'
[2.966s] INFO:colcon.colcon_core.shell:Creating environment hook '/home/superpavan/Restaurant_Robot_ROS2-main/install/turtlebot3_custom/share/turtlebot3_custom/hook/cmake_prefix_path.sh'
[2.967s] Level 1:colcon.colcon_core.environment:checking '/home/superpavan/Restaurant_Robot_ROS2-main/install/turtlebot3_custom/lib'
[2.967s] Level 1:colcon.colcon_core.environment:checking '/home/superpavan/Restaurant_Robot_ROS2-main/install/turtlebot3_custom/bin'
[2.967s] Level 1:colcon.colcon_core.environment:checking '/home/superpavan/Restaurant_Robot_ROS2-main/install/turtlebot3_custom/lib/pkgconfig/turtlebot3_custom.pc'
[2.967s] Level 1:colcon.colcon_core.environment:checking '/home/superpavan/Restaurant_Robot_ROS2-main/install/turtlebot3_custom/lib/python3.10/site-packages'
[2.968s] Level 1:colcon.colcon_core.environment:checking '/home/superpavan/Restaurant_Robot_ROS2-main/install/turtlebot3_custom/bin'
[2.968s] INFO:colcon.colcon_core.shell:Creating package script '/home/superpavan/Restaurant_Robot_ROS2-main/install/turtlebot3_custom/share/turtlebot3_custom/package.ps1'
[2.968s] INFO:colcon.colcon_core.shell:Creating package descriptor '/home/superpavan/Restaurant_Robot_ROS2-main/install/turtlebot3_custom/share/turtlebot3_custom/package.dsv'
[2.969s] INFO:colcon.colcon_core.shell:Creating package script '/home/superpavan/Restaurant_Robot_ROS2-main/install/turtlebot3_custom/share/turtlebot3_custom/package.sh'
[2.969s] INFO:colcon.colcon_core.shell:Creating package script '/home/superpavan/Restaurant_Robot_ROS2-main/install/turtlebot3_custom/share/turtlebot3_custom/package.bash'
[2.970s] INFO:colcon.colcon_core.shell:Creating package script '/home/superpavan/Restaurant_Robot_ROS2-main/install/turtlebot3_custom/share/turtlebot3_custom/package.zsh'
[2.970s] Level 1:colcon.colcon_core.environment:create_file_with_runtime_dependencies(/home/superpavan/Restaurant_Robot_ROS2-main/install/turtlebot3_custom/share/colcon-core/packages/turtlebot3_custom)
[2.971s] Level 1:colcon.colcon_core.environment:create_environment_scripts_only(turtlebot3_custom)
[2.971s] Level 1:colcon.colcon_core.environment:checking '/home/superpavan/Restaurant_Robot_ROS2-main/install/turtlebot3_custom' for CMake module files
[2.971s] Level 1:colcon.colcon_core.environment:checking '/home/superpavan/Restaurant_Robot_ROS2-main/install/turtlebot3_custom' for CMake config files
[2.971s] Level 1:colcon.colcon_core.shell:create_environment_hook('turtlebot3_custom', 'cmake_prefix_path')
[2.971s] INFO:colcon.colcon_core.shell:Creating environment hook '/home/superpavan/Restaurant_Robot_ROS2-main/install/turtlebot3_custom/share/turtlebot3_custom/hook/cmake_prefix_path.ps1'
[2.972s] INFO:colcon.colcon_core.shell:Creating environment descriptor '/home/superpavan/Restaurant_Robot_ROS2-main/install/turtlebot3_custom/share/turtlebot3_custom/hook/cmake_prefix_path.dsv'
[2.972s] INFO:colcon.colcon_core.shell:Creating environment hook '/home/superpavan/Restaurant_Robot_ROS2-main/install/turtlebot3_custom/share/turtlebot3_custom/hook/cmake_prefix_path.sh'
[2.972s] Level 1:colcon.colcon_core.environment:checking '/home/superpavan/Restaurant_Robot_ROS2-main/install/turtlebot3_custom/lib'
[2.972s] Level 1:colcon.colcon_core.environment:checking '/home/superpavan/Restaurant_Robot_ROS2-main/install/turtlebot3_custom/bin'
[2.972s] Level 1:colcon.colcon_core.environment:checking '/home/superpavan/Restaurant_Robot_ROS2-main/install/turtlebot3_custom/lib/pkgconfig/turtlebot3_custom.pc'
[2.973s] Level 1:colcon.colcon_core.environment:checking '/home/superpavan/Restaurant_Robot_ROS2-main/install/turtlebot3_custom/lib/python3.10/site-packages'
[2.973s] Level 1:colcon.colcon_core.environment:checking '/home/superpavan/Restaurant_Robot_ROS2-main/install/turtlebot3_custom/bin'
[2.973s] INFO:colcon.colcon_core.shell:Creating package script '/home/superpavan/Restaurant_Robot_ROS2-main/install/turtlebot3_custom/share/turtlebot3_custom/package.ps1'
[2.973s] INFO:colcon.colcon_core.shell:Creating package descriptor '/home/superpavan/Restaurant_Robot_ROS2-main/install/turtlebot3_custom/share/turtlebot3_custom/package.dsv'
[2.974s] INFO:colcon.colcon_core.shell:Creating package script '/home/superpavan/Restaurant_Robot_ROS2-main/install/turtlebot3_custom/share/turtlebot3_custom/package.sh'
[2.974s] INFO:colcon.colcon_core.shell:Creating package script '/home/superpavan/Restaurant_Robot_ROS2-main/install/turtlebot3_custom/share/turtlebot3_custom/package.bash'
[2.974s] INFO:colcon.colcon_core.shell:Creating package script '/home/superpavan/Restaurant_Robot_ROS2-main/install/turtlebot3_custom/share/turtlebot3_custom/package.zsh'
[2.975s] Level 1:colcon.colcon_core.environment:create_file_with_runtime_dependencies(/home/superpavan/Restaurant_Robot_ROS2-main/install/turtlebot3_custom/share/colcon-core/packages/turtlebot3_custom)
[2.975s] DEBUG:colcon.colcon_parallel_executor.executor.parallel:closing loop
[2.975s] DEBUG:colcon.colcon_parallel_executor.executor.parallel:loop closed
[2.975s] DEBUG:colcon.colcon_parallel_executor.executor.parallel:run_until_complete finished with '0'
[2.975s] DEBUG:colcon.colcon_core.event_reactor:joining thread
[2.980s] INFO:colcon.colcon_core.plugin_system:Skipping extension 'colcon_notification.desktop_notification.terminal_notifier': Not used on non-Darwin systems
[2.980s] INFO:colcon.colcon_core.plugin_system:Skipping extension 'colcon_notification.desktop_notification.win32': Not used on non-Windows systems
[2.980s] INFO:colcon.colcon_notification.desktop_notification:Sending desktop notification using 'notify2'
[2.994s] DEBUG:colcon.colcon_core.event_reactor:joined thread
[2.994s] INFO:colcon.colcon_core.shell:Creating prefix script '/home/superpavan/Restaurant_Robot_ROS2-main/install/local_setup.ps1'
[2.995s] INFO:colcon.colcon_core.shell:Creating prefix util module '/home/superpavan/Restaurant_Robot_ROS2-main/install/_local_setup_util_ps1.py'
[2.996s] INFO:colcon.colcon_core.shell:Creating prefix chain script '/home/superpavan/Restaurant_Robot_ROS2-main/install/setup.ps1'
[3.008s] INFO:colcon.colcon_core.shell:Creating prefix script '/home/superpavan/Restaurant_Robot_ROS2-main/install/local_setup.sh'
[3.008s] INFO:colcon.colcon_core.shell:Creating prefix util module '/home/superpavan/Restaurant_Robot_ROS2-main/install/_local_setup_util_sh.py'
[3.008s] INFO:colcon.colcon_core.shell:Creating prefix chain script '/home/superpavan/Restaurant_Robot_ROS2-main/install/setup.sh'
[3.009s] INFO:colcon.colcon_core.shell:Creating prefix script '/home/superpavan/Restaurant_Robot_ROS2-main/install/local_setup.bash'
[3.009s] INFO:colcon.colcon_core.shell:Creating prefix chain script '/home/superpavan/Restaurant_Robot_ROS2-main/install/setup.bash'
[3.010s] INFO:colcon.colcon_core.shell:Creating prefix script '/home/superpavan/Restaurant_Robot_ROS2-main/install/local_setup.zsh'
[3.010s] INFO:colcon.colcon_core.shell:Creating prefix chain script '/home/superpavan/Restaurant_Robot_ROS2-main/install/setup.zsh'
