-- Install configuration: ""
-- Up-to-date: /home/superpavan/Restaurant_Robot_ROS2-main/install/turtlebot3_custom/share/turtlebot3_custom//launch
-- Up-to-date: /home/superpavan/Restaurant_Robot_ROS2-main/install/turtlebot3_custom/share/turtlebot3_custom//launch/custom_world_launch.py
-- Up-to-date: /home/superpavan/Restaurant_Robot_ROS2-main/install/turtlebot3_custom/share/turtlebot3_custom//launch/nav2_custom.launch.py
-- Up-to-date: /home/superpavan/Restaurant_Robot_ROS2-main/install/turtlebot3_custom/share/turtlebot3_custom/worlds
-- Up-to-date: /home/superpavan/Restaurant_Robot_ROS2-main/install/turtlebot3_custom/share/turtlebot3_custom/worlds/custom.world
-- Up-to-date: /home/superpavan/Restaurant_Robot_ROS2-main/install/turtlebot3_custom/share/turtlebot3_custom/src
-- Installing: /home/superpavan/Restaurant_Robot_ROS2-main/install/turtlebot3_custom/share/turtlebot3_custom/src/my_custommap.yaml
-- Up-to-date: /home/superpavan/Restaurant_Robot_ROS2-main/install/turtlebot3_custom/share/turtlebot3_custom/src/my_custommap.pgm
-- Installing: /home/superpavan/Restaurant_Robot_ROS2-main/install/turtlebot3_custom/share/turtlebot3_custom/src/butler_robot.py
-- Installing: /home/superpavan/Restaurant_Robot_ROS2-main/install/turtlebot3_custom/lib/turtlebot3_custom/butler_robot.py
-- Up-to-date: /home/superpavan/Restaurant_Robot_ROS2-main/install/turtlebot3_custom/share/ament_index/resource_index/package_run_dependencies/turtlebot3_custom
-- Up-to-date: /home/superpavan/Restaurant_Robot_ROS2-main/install/turtlebot3_custom/share/ament_index/resource_index/parent_prefix_path/turtlebot3_custom
-- Up-to-date: /home/superpavan/Restaurant_Robot_ROS2-main/install/turtlebot3_custom/share/turtlebot3_custom/environment/ament_prefix_path.sh
-- Up-to-date: /home/superpavan/Restaurant_Robot_ROS2-main/install/turtlebot3_custom/share/turtlebot3_custom/environment/ament_prefix_path.dsv
-- Up-to-date: /home/superpavan/Restaurant_Robot_ROS2-main/install/turtlebot3_custom/share/turtlebot3_custom/environment/path.sh
-- Up-to-date: /home/superpavan/Restaurant_Robot_ROS2-main/install/turtlebot3_custom/share/turtlebot3_custom/environment/path.dsv
-- Up-to-date: /home/superpavan/Restaurant_Robot_ROS2-main/install/turtlebot3_custom/share/turtlebot3_custom/local_setup.bash
-- Up-to-date: /home/superpavan/Restaurant_Robot_ROS2-main/install/turtlebot3_custom/share/turtlebot3_custom/local_setup.sh
-- Up-to-date: /home/superpavan/Restaurant_Robot_ROS2-main/install/turtlebot3_custom/share/turtlebot3_custom/local_setup.zsh
-- Up-to-date: /home/superpavan/Restaurant_Robot_ROS2-main/install/turtlebot3_custom/share/turtlebot3_custom/local_setup.dsv
-- Installing: /home/superpavan/Restaurant_Robot_ROS2-main/install/turtlebot3_custom/share/turtlebot3_custom/package.dsv
-- Up-to-date: /home/superpavan/Restaurant_Robot_ROS2-main/install/turtlebot3_custom/share/ament_index/resource_index/packages/turtlebot3_custom
-- Up-to-date: /home/superpavan/Restaurant_Robot_ROS2-main/install/turtlebot3_custom/share/turtlebot3_custom/cmake/turtlebot3_customConfig.cmake
-- Up-to-date: /home/superpavan/Restaurant_Robot_ROS2-main/install/turtlebot3_custom/share/turtlebot3_custom/cmake/turtlebot3_customConfig-version.cmake
-- Up-to-date: /home/superpavan/Restaurant_Robot_ROS2-main/install/turtlebot3_custom/share/turtlebot3_custom/package.xml
