[0.010s] Invoking command in '/home/superpavan/Restaurant_Robot_ROS2-main/build/turtlebot3_custom': CMAKE_PREFIX_PATH=/opt/ros/humble /usr/bin/cmake /home/superpavan/Restaurant_Robot_ROS2-main/turtlebot3_custom -DCMAKE_INSTALL_PREFIX=/home/superpavan/Restaurant_Robot_ROS2-main/install/turtlebot3_custom
[0.067s] -- The C compiler identification is GNU 11.4.0
[0.122s] -- The CXX compiler identification is GNU 11.4.0
[0.131s] -- Detecting C compiler ABI info
[0.203s] -- Detecting C compiler ABI info - done
[0.209s] -- Check for working C compiler: /usr/bin/cc - skipped
[0.209s] -- Detecting C compile features
[0.209s] -- Detecting C compile features - done
[0.212s] -- Detecting CXX compiler ABI info
[0.292s] -- Detecting CXX compiler ABI info - done
[0.298s] -- Check for working CXX compiler: /usr/bin/c++ - skipped
[0.299s] -- Detecting CXX compile features
[0.299s] -- Detecting CXX compile features - done
[0.301s] -- Found ament_cmake: 1.3.11 (/opt/ros/humble/share/ament_cmake/cmake)
[0.631s] -- Found Python3: /usr/bin/python3 (found version "3.10.12") found components: Interpreter 
[0.710s] -- Found rclcpp: 16.0.11 (/opt/ros/humble/share/rclcpp/cmake)
[0.746s] -- Found rosidl_generator_c: 3.1.6 (/opt/ros/humble/share/rosidl_generator_c/cmake)
[0.751s] -- Found rosidl_adapter: 3.1.6 (/opt/ros/humble/share/rosidl_adapter/cmake)
[0.758s] -- Found rosidl_generator_cpp: 3.1.6 (/opt/ros/humble/share/rosidl_generator_cpp/cmake)
[0.768s] -- Using all available rosidl_typesupport_c: rosidl_typesupport_fastrtps_c;rosidl_typesupport_introspection_c
[0.782s] -- Using all available rosidl_typesupport_cpp: rosidl_typesupport_fastrtps_cpp;rosidl_typesupport_introspection_cpp
[0.819s] -- Found rmw_implementation_cmake: 6.1.2 (/opt/ros/humble/share/rmw_implementation_cmake/cmake)
[0.821s] -- Found rmw_fastrtps_cpp: 6.2.7 (/opt/ros/humble/share/rmw_fastrtps_cpp/cmake)
[0.930s] -- Found OpenSSL: /usr/lib/x86_64-linux-gnu/libcrypto.so (found version "3.0.2")  
[0.958s] -- Found FastRTPS: /opt/ros/humble/include  
[1.000s] -- Using RMW implementation 'rmw_fastrtps_cpp' as default
[1.007s] -- Looking for pthread.h
[1.086s] -- Looking for pthread.h - found
[1.086s] -- Performing Test CMAKE_HAVE_LIBC_PTHREAD
[1.165s] -- Performing Test CMAKE_HAVE_LIBC_PTHREAD - Success
[1.165s] -- Found Threads: TRUE  
[1.209s] -- Found nav2_msgs: 1.1.17 (/opt/ros/humble/share/nav2_msgs/cmake)
[1.287s] -- Found gazebo_ros: 3.7.0 (/opt/ros/humble/share/gazebo_ros/cmake)
[1.299s] -- Found PkgConfig: /usr/bin/pkg-config (found version "0.29.2") 
[1.300s] -- Checking for module 'bullet>=2.82'
[1.319s] --   Found bullet, version 3.05
[1.484s] -- Found fcl: /usr/include (found suitable version "0.7.0", minimum required is "0.5.0") 
[1.568s] -- Found assimp: /usr/include (found version "5.2.0") 
[1.590s] -- Found DART: /usr/include (Required is at least version "6.6") found components: dart 
[1.619s] -- Found Boost: /usr/lib/x86_64-linux-gnu/cmake/Boost-1.74.0/BoostConfig.cmake (found suitable version "1.74.0", minimum required is "1.40.0") found components: thread system filesystem program_options regex iostreams date_time 
[1.637s] -- Found Protobuf: /usr/lib/x86_64-linux-gnu/libprotobuf.so (found version "3.12.4") 
[1.642s] -- Looking for ignition-math6 -- found version 6.15.1
[1.650s] -- Searching for dependencies of ignition-math6
[1.651s] -- Looking for OGRE...
[1.652s] -- OGRE_PREFIX_WATCH changed.
[1.658s] -- Checking for module 'OGRE'
[1.680s] --   Found OGRE, version 1.9.0
[1.740s] -- Found Ogre Ghadamon (1.9.0)
[1.746s] -- Found OGRE: optimized;/usr/lib/x86_64-linux-gnu/libOgreMain.so;debug;/usr/lib/x86_64-linux-gnu/libOgreMain.so
[1.754s] -- Looking for OGRE_Paging...
[1.758s] -- Found OGRE_Paging: optimized;/usr/lib/x86_64-linux-gnu/libOgrePaging.so;debug;/usr/lib/x86_64-linux-gnu/libOgrePaging.so
[1.758s] -- Looking for OGRE_Terrain...
[1.762s] -- Found OGRE_Terrain: optimized;/usr/lib/x86_64-linux-gnu/libOgreTerrain.so;debug;/usr/lib/x86_64-linux-gnu/libOgreTerrain.so
[1.762s] -- Looking for OGRE_Property...
[1.767s] -- Found OGRE_Property: optimized;/usr/lib/x86_64-linux-gnu/libOgreProperty.so;debug;/usr/lib/x86_64-linux-gnu/libOgreProperty.so
[1.767s] -- Looking for OGRE_RTShaderSystem...
[1.771s] -- Found OGRE_RTShaderSystem: optimized;/usr/lib/x86_64-linux-gnu/libOgreRTShaderSystem.so;debug;/usr/lib/x86_64-linux-gnu/libOgreRTShaderSystem.so
[1.771s] -- Looking for OGRE_Volume...
[1.775s] -- Found OGRE_Volume: optimized;/usr/lib/x86_64-linux-gnu/libOgreVolume.so;debug;/usr/lib/x86_64-linux-gnu/libOgreVolume.so
[1.775s] -- Looking for OGRE_Overlay...
[1.779s] -- Found OGRE_Overlay: optimized;/usr/lib/x86_64-linux-gnu/libOgreOverlay.so;debug;/usr/lib/x86_64-linux-gnu/libOgreOverlay.so
[1.861s] -- Looking for ignition-math6 -- found version 6.15.1
[1.864s] -- Looking for ignition-transport8 -- found version 8.2.1
[1.864s] -- Searching for dependencies of ignition-transport8
[1.883s] -- Found Protobuf: /usr/lib/x86_64-linux-gnu/libprotobuf.so (found suitable version "3.12.4", minimum required is "3") 
[1.895s] -- Config-file not installed for ZeroMQ -- checking for pkg-config
[1.900s] -- Checking for module 'libzmq >= 4'
[1.924s] --   Found libzmq , version 4.3.4
[1.982s] -- Found ZeroMQ: TRUE (Required is at least version "4") 
[1.989s] -- Checking for module 'uuid'
[2.011s] --   Found uuid, version 2.37.2
[2.066s] -- Found UUID: TRUE  
[2.068s] -- Looking for ignition-msgs5 -- found version 5.8.1
[2.068s] -- Searching for dependencies of ignition-msgs5
[2.088s] -- Looking for ignition-math6 -- found version 6.15.1
[2.094s] -- Checking for module 'tinyxml2'
[2.116s] --   Found tinyxml2, version 9.0.0
[2.177s] -- Looking for ignition-msgs5 -- found version 5.8.1
[2.179s] -- Looking for ignition-common3 -- found version 3.14.0
[2.179s] -- Searching for dependencies of ignition-common3
[2.180s] -- Looking for dlfcn.h - found
[2.181s] -- Looking for libdl - found
[2.182s] -- Found DL: TRUE  
[2.195s] -- Found tinyobjloader: /usr/lib/x86_64-linux-gnu/cmake/tinyobjloader/tinyobjloader-config.cmake (found version "2.0.0") 
[2.195s] -- Searching for <ignition-common3> component [graphics]
[2.219s] -- Looking for ignition-common3-graphics -- found version 3.14.0
[2.219s] -- Searching for dependencies of ignition-common3-graphics
[2.220s] -- Looking for ignition-math6 -- found version 6.15.1
[2.224s] -- Looking for ignition-fuel_tools4 -- found version 4.4.0
[2.225s] -- Searching for dependencies of ignition-fuel_tools4
[2.344s] -- Found CURL: /usr/lib/x86_64-linux-gnu/libcurl.so (found version "7.81.0")  
[2.354s] -- Checking for module 'jsoncpp'
[2.375s] --   Found jsoncpp, version 1.9.5
[2.431s] -- Found JSONCPP: TRUE  
[2.437s] -- Checking for module 'libzip'
[2.458s] --   Found libzip, version 1.7.3
[2.516s] -- Found ZIP: TRUE  
[2.516s] -- Looking for ignition-common3 -- found version 3.14.0
[2.517s] -- Looking for ignition-math6 -- found version 6.15.1
[2.517s] -- Looking for ignition-msgs5 -- found version 5.8.1
[2.521s] -- Gazebo version: 11.10
[2.521s] -- Checking for module 'tbb'
[2.542s] --   Found tbb, version 2021.5.0
[2.602s] -- Found rclpy: 3.3.15 (/opt/ros/humble/share/rclpy/cmake)
[2.604s] -- Found ament_lint_auto: 0.12.11 (/opt/ros/humble/share/ament_lint_auto/cmake)
[2.677s] -- Added test 'flake8' to check Python code syntax and style conventions
[2.677s] -- Added test 'lint_cmake' to check CMake code style
[2.677s] -- Added test 'pep257' to check Python code against some of the docstring style conventions in PEP 257
[2.679s] -- Added test 'xmllint' to check XML markup files
[2.680s] -- Configuring done
[2.686s] -- Generating done
[2.689s] -- Build files have been written to: /home/superpavan/Restaurant_Robot_ROS2-main/build/turtlebot3_custom
[2.701s] Invoked command in '/home/superpavan/Restaurant_Robot_ROS2-main/build/turtlebot3_custom' returned '0': CMAKE_PREFIX_PATH=/opt/ros/humble /usr/bin/cmake /home/superpavan/Restaurant_Robot_ROS2-main/turtlebot3_custom -DCMAKE_INSTALL_PREFIX=/home/superpavan/Restaurant_Robot_ROS2-main/install/turtlebot3_custom
[2.704s] Invoking command in '/home/superpavan/Restaurant_Robot_ROS2-main/build/turtlebot3_custom': CMAKE_PREFIX_PATH=/opt/ros/humble /usr/bin/cmake --build /home/superpavan/Restaurant_Robot_ROS2-main/build/turtlebot3_custom -- -j16 -l16
[2.746s] Invoked command in '/home/superpavan/Restaurant_Robot_ROS2-main/build/turtlebot3_custom' returned '0': CMAKE_PREFIX_PATH=/opt/ros/humble /usr/bin/cmake --build /home/superpavan/Restaurant_Robot_ROS2-main/build/turtlebot3_custom -- -j16 -l16
[2.759s] Invoking command in '/home/superpavan/Restaurant_Robot_ROS2-main/build/turtlebot3_custom': CMAKE_PREFIX_PATH=/opt/ros/humble /usr/bin/cmake --install /home/superpavan/Restaurant_Robot_ROS2-main/build/turtlebot3_custom
[2.766s] -- Install configuration: ""
[2.766s] -- Installing: /home/superpavan/Restaurant_Robot_ROS2-main/install/turtlebot3_custom/share/turtlebot3_custom//launch
[2.766s] -- Installing: /home/superpavan/Restaurant_Robot_ROS2-main/install/turtlebot3_custom/share/turtlebot3_custom//launch/custom_world_launch.py
[2.766s] -- Installing: /home/superpavan/Restaurant_Robot_ROS2-main/install/turtlebot3_custom/share/turtlebot3_custom//launch/nav2_custom.launch.py
[2.766s] -- Installing: /home/superpavan/Restaurant_Robot_ROS2-main/install/turtlebot3_custom/share/turtlebot3_custom/worlds
[2.766s] -- Installing: /home/superpavan/Restaurant_Robot_ROS2-main/install/turtlebot3_custom/share/turtlebot3_custom/worlds/custom.world
[2.766s] -- Installing: /home/superpavan/Restaurant_Robot_ROS2-main/install/turtlebot3_custom/share/turtlebot3_custom/src
[2.766s] -- Installing: /home/superpavan/Restaurant_Robot_ROS2-main/install/turtlebot3_custom/share/turtlebot3_custom/src/my_custommap.yaml
[2.766s] -- Installing: /home/superpavan/Restaurant_Robot_ROS2-main/install/turtlebot3_custom/share/turtlebot3_custom/src/my_custommap.pgm
[2.767s] -- Installing: /home/superpavan/Restaurant_Robot_ROS2-main/install/turtlebot3_custom/share/turtlebot3_custom/src/butler_robot.py
[2.767s] -- Installing: /home/superpavan/Restaurant_Robot_ROS2-main/install/turtlebot3_custom/lib/turtlebot3_custom/butler_robot.py
[2.767s] -- Installing: /home/superpavan/Restaurant_Robot_ROS2-main/install/turtlebot3_custom/share/ament_index/resource_index/package_run_dependencies/turtlebot3_custom
[2.767s] -- Installing: /home/superpavan/Restaurant_Robot_ROS2-main/install/turtlebot3_custom/share/ament_index/resource_index/parent_prefix_path/turtlebot3_custom
[2.768s] -- Installing: /home/superpavan/Restaurant_Robot_ROS2-main/install/turtlebot3_custom/share/turtlebot3_custom/environment/ament_prefix_path.sh
[2.768s] -- Installing: /home/superpavan/Restaurant_Robot_ROS2-main/install/turtlebot3_custom/share/turtlebot3_custom/environment/ament_prefix_path.dsv
[2.768s] -- Installing: /home/superpavan/Restaurant_Robot_ROS2-main/install/turtlebot3_custom/share/turtlebot3_custom/environment/path.sh
[2.768s] -- Installing: /home/superpavan/Restaurant_Robot_ROS2-main/install/turtlebot3_custom/share/turtlebot3_custom/environment/path.dsv
[2.768s] -- Installing: /home/superpavan/Restaurant_Robot_ROS2-main/install/turtlebot3_custom/share/turtlebot3_custom/local_setup.bash
[2.768s] -- Installing: /home/superpavan/Restaurant_Robot_ROS2-main/install/turtlebot3_custom/share/turtlebot3_custom/local_setup.sh
[2.768s] -- Installing: /home/superpavan/Restaurant_Robot_ROS2-main/install/turtlebot3_custom/share/turtlebot3_custom/local_setup.zsh
[2.768s] -- Installing: /home/superpavan/Restaurant_Robot_ROS2-main/install/turtlebot3_custom/share/turtlebot3_custom/local_setup.dsv
[2.768s] -- Installing: /home/superpavan/Restaurant_Robot_ROS2-main/install/turtlebot3_custom/share/turtlebot3_custom/package.dsv
[2.769s] -- Installing: /home/superpavan/Restaurant_Robot_ROS2-main/install/turtlebot3_custom/share/ament_index/resource_index/packages/turtlebot3_custom
[2.769s] -- Installing: /home/superpavan/Restaurant_Robot_ROS2-main/install/turtlebot3_custom/share/turtlebot3_custom/cmake/turtlebot3_customConfig.cmake
[2.769s] -- Installing: /home/superpavan/Restaurant_Robot_ROS2-main/install/turtlebot3_custom/share/turtlebot3_custom/cmake/turtlebot3_customConfig-version.cmake
[2.769s] -- Installing: /home/superpavan/Restaurant_Robot_ROS2-main/install/turtlebot3_custom/share/turtlebot3_custom/package.xml
[2.772s] Invoked command in '/home/superpavan/Restaurant_Robot_ROS2-main/build/turtlebot3_custom' returned '0': CMAKE_PREFIX_PATH=/opt/ros/humble /usr/bin/cmake --install /home/superpavan/Restaurant_Robot_ROS2-main/build/turtlebot3_custom
